\BOOKMARK [1][-]{section.1}{引言}{}% 1
\BOOKMARK [2][-]{subsection.1.1}{编写目的}{section.1}% 2
\BOOKMARK [2][-]{subsection.1.2}{背景}{section.1}% 3
\BOOKMARK [1][-]{section.2}{总体设计}{}% 4
\BOOKMARK [2][-]{subsection.2.1}{软件体系结构}{section.2}% 5
\BOOKMARK [2][-]{subsection.2.2}{运行系统}{section.2}% 6
\BOOKMARK [3][-]{subsubsection.2.2.1}{运行体系图}{subsection.2.2}% 7
\BOOKMARK [3][-]{subsubsection.2.2.2}{程序/模块对应表}{subsection.2.2}% 8
\BOOKMARK [2][-]{subsection.2.3}{系统物理结构}{section.2}% 9
\BOOKMARK [1][-]{section.3}{系统环境}{}% 10
\BOOKMARK [2][-]{subsection.3.1}{开发环境}{section.3}% 11
\BOOKMARK [1][-]{section.4}{设计思路及折衷}{}% 12
\BOOKMARK [2][-]{subsection.4.1}{TCP\040OR\040UDP?}{section.4}% 13
\BOOKMARK [2][-]{subsection.4.2}{为什么是LIRS而不是LRU？}{section.4}% 14
\BOOKMARK [2][-]{subsection.4.3}{为什么是字典树，而不使用HASH函数？}{section.4}% 15
\BOOKMARK [2][-]{subsection.4.4}{为什么使用两个双数组字典树？}{section.4}% 16
\BOOKMARK [1][-]{section.5}{模块设计}{}% 17
\BOOKMARK [2][-]{subsection.5.1}{线程池设计}{section.5}% 18
\BOOKMARK [2][-]{subsection.5.2}{工作线程设计}{section.5}% 19
\BOOKMARK [2][-]{subsection.5.3}{内存管理模块}{section.5}% 20
\BOOKMARK [2][-]{subsection.5.4}{缓存管理模块}{section.5}% 21
\BOOKMARK [1][-]{section.6}{通信协议}{}% 22
\BOOKMARK [2][-]{subsection.6.1}{请求报文}{section.6}% 23
\BOOKMARK [2][-]{subsection.6.2}{返回报文1}{section.6}% 24
\BOOKMARK [2][-]{subsection.6.3}{返回报文2}{section.6}% 25
\BOOKMARK [1][-]{section.7}{接口设计}{}% 26
\BOOKMARK [2][-]{subsection.7.1}{公共接口}{section.7}% 27
\BOOKMARK [3][-]{subsubsection.7.1.1}{单链表}{subsection.7.1}% 28
\BOOKMARK [2][-]{subsection.7.2}{内存管理模块向外提供的接口}{section.7}% 29
