\BOOKMARK [1][-]{section.1}{软件工程实训}{}% 1
\BOOKMARK [2][-]{subsection.1.1}{软件工程实训目标}{section.1}% 2
\BOOKMARK [1][-]{section.2}{软件项目概述}{}% 3
\BOOKMARK [2][-]{subsection.2.1}{软件项目名称}{section.2}% 4
\BOOKMARK [2][-]{subsection.2.2}{软件项目要求}{section.2}% 5
\BOOKMARK [2][-]{subsection.2.3}{软件特点}{section.2}% 6
\BOOKMARK [1][-]{section.3}{技术技能}{}% 7
\BOOKMARK [1][-]{section.4}{系统设计}{}% 8
\BOOKMARK [2][-]{subsection.4.1}{整体框架}{section.4}% 9
\BOOKMARK [1][-]{section.5}{个人贡献}{}% 10
\BOOKMARK [1][-]{section.6}{团队收获}{}% 11
\BOOKMARK [2][-]{subsection.6.1}{软件工程开发方法}{section.6}% 12
\BOOKMARK [2][-]{subsection.6.2}{小组内团队合作}{section.6}% 13
\BOOKMARK [3][-]{subsubsection.6.2.1}{组成员资源共享}{subsection.6.2}% 14
\BOOKMARK [3][-]{subsubsection.6.2.2}{小组讨论}{subsection.6.2}% 15
\BOOKMARK [2][-]{subsection.6.3}{企业软件开发方法和规范}{section.6}% 16
\BOOKMARK [3][-]{subsubsection.6.3.1}{学会写个人日报和小组周报}{subsection.6.3}% 17
\BOOKMARK [3][-]{subsubsection.6.3.2}{学会进行小组计划跟踪}{subsection.6.3}% 18
\BOOKMARK [3][-]{subsubsection.6.3.3}{学会团队合作}{subsection.6.3}% 19
\BOOKMARK [3][-]{subsubsection.6.3.4}{学习软件开发规范}{subsection.6.3}% 20
\BOOKMARK [3][-]{subsubsection.6.3.5}{获得企业对大学生需求信息}{subsection.6.3}% 21
\BOOKMARK [1][-]{section.7}{个人收获}{}% 22
\BOOKMARK [2][-]{subsection.7.1}{对软件开发有了更深入的了解}{section.7}% 23
\BOOKMARK [2][-]{subsection.7.2}{感谢老师的培训}{section.7}% 24
\BOOKMARK [2][-]{subsection.7.3}{实训意义}{section.7}% 25
\BOOKMARK [2][-]{subsection.7.4}{实训中遇到的问题}{section.7}% 26
